<?xml version="1.0" encoding="UTF-8"?>
<!-- Generated by org.testng.reporters.JUnitReportReporter -->
<testsuite hostname="DESKTOP-3CB7H43" failures="0" tests="1" name="Edit.EducacionIT.Clase4Test" time="18.932" errors="0" timestamp="2023-08-24T15:17:36 ART" skipped="0">
  <testcase classname="Edit.EducacionIT.Clase4Test" name="registrarUsuario" time="18.932"/>
</testsuite> <!-- Edit.EducacionIT.Clase4Test -->
