<?xml version="1.0" encoding="UTF-8"?>
<!-- Generated by org.testng.reporters.JUnitReportReporter -->
<testsuite hostname="DESKTOP-3CB7H43" failures="0" tests="1" name="Edit.EducacionIT.AppTest" time="0.003" errors="0" timestamp="2023-08-24T15:17:36 ART" skipped="0">
  <testcase classname="Edit.EducacionIT.AppTest" name="shouldAnswerWithTrue" time="0.003"/>
</testsuite> <!-- Edit.EducacionIT.AppTest -->
