<?xml version="1.0" encoding="UTF-8"?>
<!-- Generated by org.testng.reporters.JUnitReportReporter -->
<testsuite hostname="DESKTOP-3CB7H43" failures="0" tests="1" name="Edit.EducacionIT.Clase5Test" time="3.154" errors="0" timestamp="2023-08-27T21:23:57 ART" skipped="0">
  <testcase classname="Edit.EducacionIT.Clase5Test" name="buscarPalabra" time="3.154"/>
</testsuite> <!-- Edit.EducacionIT.Clase5Test -->
