<?xml version="1.0" encoding="UTF-8"?>
<!-- Generated by org.testng.reporters.JUnitReportReporter -->
<testsuite hostname="DESKTOP-3CB7H43" failures="0" tests="1" name="pruebas.clase7Test" time="2.762" errors="0" timestamp="2023-08-29T19:13:32 ART" skipped="0">
  <testcase classname="pruebas.clase7Test" name="login" time="2.762"/>
</testsuite> <!-- pruebas.clase7Test -->
